<?xml version="1.0" encoding="UTF-8"?>
<!-- Generated by org.testng.reporters.JUnitReportReporter -->
<testsuite skipped="0" hostname="DESKTOP-H5QGGQD" name="com.testfan.ui.auto.pay.BingActionTest" tests="2" failures="1" timestamp="15 六月 2019 03:39:50 GMT" time="18.421" errors="0">
  <testcase name="getHomePage" time="10.380" classname="com.testfan.ui.auto.pay.BingActionTest">
    <failure type="java.lang.AssertionError" message="【Assert验证】:Title【预期值：微软 Bing 搜索 - 国内版XXX】字符串">
      <![CDATA[java.lang.AssertionError: 【Assert验证】:Title【预期值：微软 Bing 搜索 - 国内版XXX】字符串
at org.testng.Assert.fail(Assert.java:96)
at com.testfan.ui.auto.base.web.WebAssertionBase.VerityTitle(WebAssertionBase.java:592)
at com.testfan.ui.auto.pay.BingActionTest.getHomePage(BingActionTest.java:24)
at sun.reflect.NativeMethodAccessorImpl.invoke0(Native Method)
at sun.reflect.NativeMethodAccessorImpl.invoke(Unknown Source)
at sun.reflect.DelegatingMethodAccessorImpl.invoke(Unknown Source)
at java.lang.reflect.Method.invoke(Unknown Source)
at org.testng.internal.MethodInvocationHelper.invokeMethod(MethodInvocationHelper.java:124)
at org.testng.internal.Invoker.invokeMethod(Invoker.java:580)
at org.testng.internal.Invoker.invokeTestMethod(Invoker.java:716)
at org.testng.internal.Invoker.invokeTestMethods(Invoker.java:988)
at org.testng.internal.TestMethodWorker.invokeTestMethods(TestMethodWorker.java:125)
at org.testng.internal.TestMethodWorker.run(TestMethodWorker.java:109)
at org.testng.TestRunner.privateRun(TestRunner.java:648)
at org.testng.TestRunner.run(TestRunner.java:505)
at org.testng.SuiteRunner.runTest(SuiteRunner.java:455)
at org.testng.SuiteRunner.runSequentially(SuiteRunner.java:450)
at org.testng.SuiteRunner.privateRun(SuiteRunner.java:415)
at org.testng.SuiteRunner.run(SuiteRunner.java:364)
at org.testng.SuiteRunnerWorker.runSuite(SuiteRunnerWorker.java:52)
at org.testng.SuiteRunnerWorker.run(SuiteRunnerWorker.java:84)
at org.testng.TestNG.runSuitesSequentially(TestNG.java:1208)
at org.testng.TestNG.runSuitesLocally(TestNG.java:1137)
at org.testng.TestNG.runSuites(TestNG.java:1049)
at org.testng.TestNG.run(TestNG.java:1017)
at org.testng.remote.AbstractRemoteTestNG.run(AbstractRemoteTestNG.java:114)
at org.testng.remote.RemoteTestNG.initAndRun(RemoteTestNG.java:251)
at org.testng.remote.RemoteTestNG.main(RemoteTestNG.java:77)
]]>
    </failure>
  </testcase> <!-- getHomePage -->
  <testcase name="getHomePage" time="8.041" classname="com.testfan.ui.auto.pay.BingActionTest"/>
</testsuite> <!-- com.testfan.ui.auto.pay.BingActionTest -->
